#
# There is insufficient memory for the Java Runtime Environment to continue.
# Native memory allocation (mmap) failed to map 67108864 bytes for Failed to commit area from 0x00000000fc000000 to 0x0000000100000000 of length 67108864.
# Possible reasons:
#   The system is out of physical RAM or swap space
#   The process is running with CompressedOops enabled, and the Java Heap may be blocking the growth of the native heap
# Possible solutions:
#   Reduce memory load on the system
#   Increase physical memory or swap space
#   Check if swap backing store is full
#   Decrease Java heap size (-Xmx/-Xms)
#   Decrease number of Java threads
#   Decrease Java thread stack sizes (-Xss)
#   Set larger code cache with -XX:ReservedCodeCacheSize=
# This output file may be truncated or incomplete.
#
#  Out of Memory Error (./src/hotspot/os/windows/os_windows.cpp:3386), pid=11068, tid=6640
#
# JRE version:  (11.0.16+8) (build )
# Java VM: OpenJDK 64-Bit Server VM (11.0.16+8, mixed mode, sharing, tiered, compressed oops, g1 gc, windows-amd64)
# No core dump will be written. Minidumps are not enabled by default on client versions of Windows
#

---------------  S U M M A R Y ------------

Command Line: -Xmx64m -Xms64m -Dorg.gradle.appname=gradlew org.gradle.wrapper.GradleWrapperMain app:installDebug -PreactNativeDevServerPort=8081

Host: Intel(R) Core(TM) i3-6006U CPU @ 2.00GHz, 4 cores, 7G,  Windows 10 , 64 bit Build 19041 (10.0.19041.1889)
Time: Thu Sep  8 20:37:07 2022 India Standard Time elapsed time: 0.055038 seconds (0d 0h 0m 0s)

---------------  T H R E A D  ---------------

Current thread (0x000002908c2cc000):  JavaThread "Unknown thread" [_thread_in_vm, id=6640, stack(0x000000e0f4700000,0x000000e0f4800000)]

Stack: [0x000000e0f4700000,0x000000e0f4800000]
Native frames: (J=compiled Java code, j=interpreted, Vv=VM code, C=native code)
V  [jvm.dll+0x61a63a]
V  [jvm.dll+0x757439]
V  [jvm.dll+0x758b28]
V  [jvm.dll+0x759203]
V  [jvm.dll+0x24d9a8]
V  [jvm.dll+0x61794a]
V  [jvm.dll+0x60c0f5]
V  [jvm.dll+0x304f5c]
V  [jvm.dll+0x304de2]
V  [jvm.dll+0x309af6]
V  [jvm.dll+0x34fe4f]
V  [jvm.dll+0x34f880]
V  [jvm.dll+0x2e1fd8]
V  [jvm.dll+0x2e3136]
V  [jvm.dll+0x731417]
V  [jvm.dll+0x732b9f]
V  [jvm.dll+0x35cb99]
V  [jvm.dll+0x7142b0]
V  [jvm.dll+0x3ca5ef]
V  [jvm.dll+0x3cc7a1]
C  [jli.dll+0x5207]
C  [ucrtbase.dll+0x21bb2]
C  [KERNEL32.DLL+0x17034]
C  [ntdll.dll+0x52651]


---------------  P R O C E S S  ---------------

Threads class SMR info:
_java_thread_list=0x000002908c1efd40, length=0, elements={
}

Java Threads: ( => current thread )

Other Threads:
  0x000002908e2a4000 GCTaskThread "GC Thread#0" [stack: 0x000000e0f4800000,0x000000e0f4900000] [id=12284]
  0x000002908e2aa000 ConcurrentGCThread "G1 Main Marker" [stack: 0x000000e0f4900000,0x000000e0f4a00000] [id=11748]
  0x000002908e2ac000 ConcurrentGCThread "G1 Conc#0" [stack: 0x000000e0f4a00000,0x000000e0f4b00000] [id=14008]

[error occurred during error reporting (printing all threads), id 0xc0000005, EXCEPTION_ACCESS_VIOLATION (0xc0000005) at pc=0x00007ffa717617a7]

VM state:not at safepoint (not fully initialized)

VM Mutex/Monitor currently owned by a thread:  ([mutex/lock_event])
[0x000002908e28e9a0] Heap_lock - owner thread: 0x000002908c2cc000

Heap address: 0x00000000fc000000, size: 64 MB, Compressed Oops mode: Non-zero based: 0x00000000fc000000
Narrow klass base: 0x0000000000000000, Narrow klass shift: 0

GC Heap History (0 events):
No events

Deoptimization events (0 events):
No events

Classes redefined (0 events):
No events

Internal exceptions (0 events):
No events

Events (1 events):
Event: 0.018 Loaded shared library C:\Program Files\OpenJDK\openjdk-11.0.16_8\bin\zip.dll


Dynamic libraries:
0x00007ff6ec800000 - 0x00007ff6ec80d000 	C:\Program Files\OpenJDK\openjdk-11.0.16_8\bin\java.exe
0x00007ffafad30000 - 0x00007ffafaf28000 	C:\Windows\SYSTEM32\ntdll.dll
0x00007ffafab30000 - 0x00007ffafabed000 	C:\Windows\System32\KERNEL32.DLL
0x00007ffaf88c0000 - 0x00007ffaf8b8e000 	C:\Windows\System32\KERNELBASE.dll
0x00007ffaf8610000 - 0x00007ffaf8710000 	C:\Windows\System32\ucrtbase.dll
0x00007ffacabf0000 - 0x00007ffacac07000 	C:\Program Files\OpenJDK\openjdk-11.0.16_8\bin\jli.dll
0x00007ffaf9010000 - 0x00007ffaf91b0000 	C:\Windows\System32\USER32.dll
0x00007ffaf87f0000 - 0x00007ffaf8812000 	C:\Windows\System32\win32u.dll
0x00007ffaf9cc0000 - 0x00007ffaf9cea000 	C:\Windows\System32\GDI32.dll
0x00007ffaf8500000 - 0x00007ffaf860b000 	C:\Windows\System32\gdi32full.dll
0x00007ffaf8820000 - 0x00007ffaf88bd000 	C:\Windows\System32\msvcp_win.dll
0x00007ffad9fc0000 - 0x00007ffad9fd5000 	C:\Program Files\OpenJDK\openjdk-11.0.16_8\bin\VCRUNTIME140.dll
0x00007ffae4a80000 - 0x00007ffae4d1a000 	C:\Windows\WinSxS\amd64_microsoft.windows.common-controls_6595b64144ccf1df_6.0.19041.1110_none_60b5254171f9507e\COMCTL32.dll
0x00007ffaf9850000 - 0x00007ffaf98ee000 	C:\Windows\System32\msvcrt.dll
0x00007ffaf9c90000 - 0x00007ffaf9cc0000 	C:\Windows\System32\IMM32.DLL
0x00007ffac68b0000 - 0x00007ffac694b000 	C:\Program Files\OpenJDK\openjdk-11.0.16_8\bin\msvcp140.dll
0x00007ffa71470000 - 0x00007ffa71f7e000 	C:\Program Files\OpenJDK\openjdk-11.0.16_8\bin\server\jvm.dll
0x00007ffaf8d90000 - 0x00007ffaf8e3e000 	C:\Windows\System32\ADVAPI32.dll
0x00007ffafac50000 - 0x00007ffafacec000 	C:\Windows\System32\sechost.dll
0x00007ffafa0f0000 - 0x00007ffafa215000 	C:\Windows\System32\RPCRT4.dll
0x00007ffaf9cf0000 - 0x00007ffaf9cf8000 	C:\Windows\System32\PSAPI.DLL
0x00007ffa9aa60000 - 0x00007ffa9aa69000 	C:\Windows\SYSTEM32\WSOCK32.dll
0x00007ffaf2300000 - 0x00007ffaf230a000 	C:\Windows\SYSTEM32\VERSION.dll
0x00007ffaee810000 - 0x00007ffaee837000 	C:\Windows\SYSTEM32\WINMM.dll
0x00007ffaf99d0000 - 0x00007ffaf9a3b000 	C:\Windows\System32\WS2_32.dll
0x00007ffaf6350000 - 0x00007ffaf6362000 	C:\Windows\SYSTEM32\kernel.appcore.dll
0x00007ffaddac0000 - 0x00007ffaddad0000 	C:\Program Files\OpenJDK\openjdk-11.0.16_8\bin\verify.dll
0x00007ffae2bd0000 - 0x00007ffae2db4000 	C:\Windows\SYSTEM32\DBGHELP.DLL
0x00007ffae24d0000 - 0x00007ffae24fc000 	C:\Windows\SYSTEM32\dbgcore.DLL
0x00007ffaf8710000 - 0x00007ffaf8792000 	C:\Windows\System32\bcryptPrimitives.dll
0x00007ffac6e10000 - 0x00007ffac6e38000 	C:\Program Files\OpenJDK\openjdk-11.0.16_8\bin\java.dll
0x00007ffad5000000 - 0x00007ffad500a000 	C:\Program Files\OpenJDK\openjdk-11.0.16_8\bin\jimage.dll
0x00007ffacabd0000 - 0x00007ffacabe8000 	C:\Program Files\OpenJDK\openjdk-11.0.16_8\bin\zip.dll

dbghelp: loaded successfully - version: 4.0.5 - missing functions: none
symbol engine: initialized successfully - sym options: 0x614 - pdb path: .;C:\Program Files\OpenJDK\openjdk-11.0.16_8\bin;C:\Windows\SYSTEM32;C:\Windows\WinSxS\amd64_microsoft.windows.common-controls_6595b64144ccf1df_6.0.19041.1110_none_60b5254171f9507e;C:\Program Files\OpenJDK\openjdk-11.0.16_8\bin\server

VM Arguments:
jvm_args: -Xmx64m -Xms64m -Dorg.gradle.appname=gradlew 
java_command: org.gradle.wrapper.GradleWrapperMain app:installDebug -PreactNativeDevServerPort=8081
java_class_path (initial): D:\Rem42ai\Zheal\DeviceScreenSetup\android\\gradle\wrapper\gradle-wrapper.jar
Launcher Type: SUN_STANDARD

[Global flags]
     intx CICompilerCount                          = 3                                         {product} {ergonomic}
     uint ConcGCThreads                            = 1                                         {product} {ergonomic}
     uint G1ConcRefinementThreads                  = 4                                         {product} {ergonomic}
   size_t G1HeapRegionSize                         = 1048576                                   {product} {ergonomic}
    uintx GCDrainStackTargetSize                   = 64                                        {product} {ergonomic}
   size_t InitialHeapSize                          = 67108864                                  {product} {command line}
   size_t MarkStackSize                            = 4194304                                   {product} {ergonomic}
   size_t MaxHeapSize                              = 67108864                                  {product} {command line}
   size_t MinHeapDeltaBytes                        = 1048576                                   {product} {ergonomic}
    uintx NonNMethodCodeHeapSize                   = 5830732                                {pd product} {ergonomic}
    uintx NonProfiledCodeHeapSize                  = 122913754                              {pd product} {ergonomic}
    uintx ProfiledCodeHeapSize                     = 122913754                              {pd product} {ergonomic}
    uintx ReservedCodeCacheSize                    = 251658240                              {pd product} {ergonomic}
     bool SegmentedCodeCache                       = true                                      {product} {ergonomic}
     bool UseCompressedClassPointers               = true                                 {lp64_product} {ergonomic}
     bool UseCompressedOops                        = true                                 {lp64_product} {ergonomic}
     bool UseG1GC                                  = true                                      {product} {ergonomic}
     bool UseLargePagesIndividualAllocation        = false                                  {pd product} {ergonomic}

Logging:
Log output configuration:
 #0: stdout all=warning uptime,level,tags
 #1: stderr all=off uptime,level,tags

Environment Variables:
JAVA_HOME=C:\Program Files\OpenJDK\openjdk-11.0.16_8
CLASSPATH=D:\Rem42ai\Zheal\DeviceScreenSetup\android\\gradle\wrapper\gradle-wrapper.jar
PATH=D:\Rem42ai\Zheal\DeviceScreenSetup\android\node_modules\.bin;D:\Rem42ai\Zheal\DeviceScreenSetup\node_modules\.bin;D:\Rem42ai\Zheal\node_modules\.bin;D:\Rem42ai\node_modules\.bin;D:\node_modules\.bin;C:\Program Files\nodejs;D:\Rem42ai\Zheal\DeviceScreenSetup\node_modules\.bin;D:\Rem42ai\Zheal\node_modules\.bin;D:\Rem42ai\node_modules\.bin;D:\node_modules\.bin;C:\Users\Intel\AppData\Roaming\npm\node_modules\npm\node_modules\@npmcli\run-script\lib\node-gyp-bin;C:\Python310\Scripts\;C:\Python310\;C:\Windows\system32;C:\Windows;C:\Windows\System32\Wbem;C:\Windows\System32\WindowsPowerShell\v1.0\;C:\Windows\System32\OpenSSH\;C:\ProgramData\chocolatey\bin;C:\Program Files\Git\cmd;C:\Program Files\nodejs\;C:\Program Files\OpenJDK\openjdk-11.0.16_8\bin;C:\Users\Intel\AppData\Local\Android\Sdk\platform-tools;C:\Users\Intel\AppData\Local\Android\Sdk\tools;C:\Users\Intel\AppData\Local\Microsoft\WindowsApps;;C:\Users\Intel\AppData\Local\Programs\Microsoft VS Code\bin;C:\Users\Intel\AppData\Roaming\npm;D:\Rem42ai\Zheal\DeviceScreenSetup\node_modules\.bin
USERNAME=Intel
LANG=en_US.UTF-8
OS=Windows_NT
PROCESSOR_IDENTIFIER=Intel64 Family 6 Model 78 Stepping 3, GenuineIntel
TMP=C:\Users\Intel\AppData\Local\Temp
TEMP=C:\Users\Intel\AppData\Local\Temp



---------------  S Y S T E M  ---------------

OS: Windows 10 , 64 bit Build 19041 (10.0.19041.1889)
OS uptime: 0 days 2:16 hours

CPU:total 4 (initial active 4) (2 cores per cpu, 2 threads per core) family 6 model 78 stepping 3 microcode 0xcc, cmov, cx8, fxsr, mmx, sse, sse2, sse3, ssse3, sse4.1, sse4.2, popcnt, avx, avx2, aes, clmul, erms, 3dnowpref, lzcnt, ht, tsc, tscinvbit, bmi1, bmi2, adx, fma

Memory: 4k page, system-wide physical 8066M (63M free)
TotalPageFile size 20902M (AvailPageFile size 5M)
current process WorkingSet (physical memory assigned to process): 9M, peak: 9M
current process commit charge ("private bytes"): 51M, peak: 115M

vm_info: OpenJDK 64-Bit Server VM (11.0.16+8) for windows-amd64 JRE (11.0.16+8), built on Jul 17 2022 01:33:05 by "tester" with MS VC++ 15.9 (VS2017)

END.
